<?xml version="1.0" encoding="UTF-8"?>

<testsuite xmlns:xsi="http://www.w3.org/2001/XMLSchema-instance" xsi:noNamespaceSchemaLocation="https://maven.apache.org/surefire/maven-surefire-plugin/xsd/surefire-test-report.xsd" name="transformer.TransformTest" time="0.3" tests="12" errors="0" skipped="0" failures="0">

  <properties>
    <property name="sun.desktop" value="windows"/>
    <property name="awt.toolkit" value="sun.awt.windows.WToolkit"/>
    <property name="java.specification.version" value="11"/>
    <property name="sun.cpu.isalist" value="amd64"/>
    <property name="sun.jnu.encoding" value="Cp1252"/>
    <property name="java.class.path" value="C:\Users\lechnerri\IdeaProjects\budgetreadslip\transformer\target\test-classes;C:\Users\lechnerri\IdeaProjects\budgetreadslip\transformer\target\classes;C:\Users\lechnerri\.m2\repository\org\apache\httpcomponents\httpclient\4.5.13\httpclient-4.5.13.jar;C:\Users\lechnerri\.m2\repository\org\apache\httpcomponents\httpcore\4.4.13\httpcore-4.4.13.jar;C:\Users\lechnerri\.m2\repository\commons-logging\commons-logging\1.2\commons-logging-1.2.jar;C:\Users\lechnerri\.m2\repository\commons-codec\commons-codec\1.11\commons-codec-1.11.jar;C:\Users\lechnerri\.m2\repository\junit\junit\4.11\junit-4.11.jar;C:\Users\lechnerri\.m2\repository\org\hamcrest\hamcrest-core\1.3\hamcrest-core-1.3.jar;"/>
    <property name="java.vm.vendor" value="Oracle Corporation"/>
    <property name="sun.arch.data.model" value="64"/>
    <property name="user.variant" value=""/>
    <property name="java.vendor.url" value="http://java.oracle.com/"/>
    <property name="user.timezone" value="Europe/Berlin"/>
    <property name="java.vm.specification.version" value="11"/>
    <property name="os.name" value="Windows 10"/>
    <property name="sun.java.launcher" value="SUN_STANDARD"/>
    <property name="user.country" value="DE"/>

    <property name="sun.boot.library.path" value="C:\MyPrograms\jdk-11.0.1\bin"/>
    <property name="sun.java.command" value="C:\Users\LECHNE~1\AppData\Local\Temp\surefire13483574768230697697\surefirebooter16640307217091864805.jar C:\Users\lechnerri\AppData\Local\Temp\surefire13483574768230697697 2023-04-11T14-50-33_909-jvmRun1 surefire17927677989776144531tmp surefire_06283797264836095137tmp"/>




    <property name="jdk.debug" value="release"/>
    <property name="surefire.test.class.path" value="C:\Users\lechnerri\IdeaProjects\budgetreadslip\transformer\target\test-classes;C:\Users\lechnerri\IdeaProjects\budgetreadslip\transformer\target\classes;C:\Users\lechnerri\.m2\repository\org\apache\httpcomponents\httpclient\4.5.13\httpclient-4.5.13.jar;C:\Users\lechnerri\.m2\repository\org\apache\httpcomponents\httpcore\4.4.13\httpcore-4.4.13.jar;C:\Users\lechnerri\.m2\repository\commons-logging\commons-logging\1.2\commons-logging-1.2.jar;C:\Users\lechnerri\.m2\repository\commons-codec\commons-codec\1.11\commons-codec-1.11.jar;C:\Users\lechnerri\.m2\repository\junit\junit\4.11\junit-4.11.jar;C:\Users\lechnerri\.m2\repository\org\hamcrest\hamcrest-core\1.3\hamcrest-core-1.3.jar;"/>
    <property name="sun.cpu.endian" value="little"/>
    <property name="user.home" value="C:\Users\lechnerri"/>
    <property name="user.language" value="de"/>
    <property name="java.specification.vendor" value="Oracle Corporation"/>
    <property name="java.version.date" value="2018-10-16"/>
    <property name="java.home" value="C:\MyPrograms\jdk-11.0.1"/>
    <property name="file.separator" value="\"/>
    <property name="basedir" value="C:\Users\lechnerri\IdeaProjects\budgetreadslip\transformer"/>
    <property name="java.vm.compressedOopsMode" value="Zero based"/>
    <property name="line.separator" value="&#10;"/>
    <property name="java.specification.name" value="Java Platform API Specification"/>

    <property name="java.vm.specification.vendor" value="Oracle Corporation"/>
    <property name="java.awt.graphicsenv" value="sun.awt.Win32GraphicsEnvironment"/>
    <property name="surefire.real.class.path" value="C:\Users\LECHNE~1\AppData\Local\Temp\surefire13483574768230697697\surefirebooter16640307217091864805.jar"/>

    <property name="user.script" value=""/>
    <property name="sun.management.compiler" value="HotSpot 64-Bit Tiered Compilers"/>
    <property name="java.runtime.version" value="11.0.1+13"/>
    <property name="user.name" value="lechnerri"/>
    <property name="path.separator" value=";"/>
    <property name="os.version" value="10.0"/>
    <property name="java.runtime.name" value="OpenJDK Runtime Environment"/>
    <property name="file.encoding" value="Cp1252"/>
    <property name="java.vm.name" value="OpenJDK 64-Bit Server VM"/>
    <property name="java.vendor.version" value="18.9"/>
    <property name="localRepository" value="C:\Users\lechnerri\.m2\repository"/>
    <property name="java.vendor.url.bug" value="http://bugreport.java.com/bugreport/"/>
    <property name="java.io.tmpdir" value="C:\Users\LECHNE~1\AppData\Local\Temp\"/>
    <property name="idea.version" value="2022.2"/>
    <property name="java.version" value="11.0.1"/>
    <property name="user.dir" value="C:\Users\lechnerri\IdeaProjects\budgetreadslip\transformer"/>
    <property name="os.arch" value="amd64"/>
    <property name="java.vm.specification.name" value="Java Virtual Machine Specification"/>
    <property name="java.awt.printerjob" value="sun.awt.windows.WPrinterJob"/>
    <property name="sun.os.patch.level" value=""/>
    <property name="java.library.path" value="C:\MyPrograms\jdk-11.0.1\bin;C:\WINDOWS\Sun\Java\bin;C:\WINDOWS\system32;C:\WINDOWS;C:\WINDOWS\system32;C:\WINDOWS;C:\WINDOWS\System32\Wbem;C:\WINDOWS\System32\WindowsPowerShell\v1.0\;C:\WINDOWS\System32\OpenSSH\;C:\Program Files\ServiceNow\agent-client-collector\bin;C:\Program Files\ServiceNow\agent-client-collector\embedded\bin;C:\Users\lechnerri\AppData\Local\Microsoft\WindowsApps;C:\Users\lechnerri\AppData\Local\Programs\Git\cmd;C:\Users\lechnerri\AppData\Local\Google\Cloud SDK\google-cloud-sdk\bin;."/>
    <property name="java.vendor" value="Oracle Corporation"/>
    <property name="java.vm.info" value="mixed mode"/>
    <property name="java.vm.version" value="11.0.1+13"/>
    <property name="sun.io.unicode.encoding" value="UnicodeLittle"/>
    <property name="java.class.version" value="55.0"/>
  </properties>

  <testcase name="wuenscheTest" classname="transformer.TransformTest" time="0.037"/>
  <testcase name="transformTest" classname="transformer.TransformTest" time="0"/>
  <testcase name="ViaInvestTest" classname="transformer.TransformTest" time="0.014"/>
  <testcase name="PeerBerryTest" classname="transformer.TransformTest" time="0.123"/>
  <testcase name="MintosTest" classname="transformer.TransformTest" time="0.052"/>
  <testcase name="edekaNewTest" classname="transformer.TransformTest" time="0.011"/>
  <testcase name="edekaNewNetoTest" classname="transformer.TransformTest" time="0.007"/>
  <testcase name="RobocashTest" classname="transformer.TransformTest" time="0.022"/>
  <testcase name="kauflandTest" classname="transformer.TransformTest" time="0.007"/>
  <testcase name="TwinoTest" classname="transformer.TransformTest" time="0.011"/>
  <testcase name="edekaNewTest2" classname="transformer.TransformTest" time="0.006"/>
  <testcase name="edekaNewTest3" classname="transformer.TransformTest" time="0.006"/>

</testsuite>