<?xml version="1.0" encoding="UTF-8"?>
<testsuite xmlns:xsi="http://www.w3.org/2001/XMLSchema-instance" xsi:noNamespaceSchemaLocation="https://maven.apache.org/surefire/maven-surefire-plugin/xsd/surefire-test-report.xsd" name="transformer.TransformTest" time="0.241" tests="7" errors="0" skipped="0" failures="0">
  <properties>
    <property name="java.specification.version" value="18"/>
    <property name="sun.cpu.isalist" value="amd64"/>
    <property name="sun.jnu.encoding" value="Cp1252"/>
    <property name="java.class.path" value="C:\Users\richard\IdeaProjects\budgetreadslip\transformer\target\test-classes;C:\Users\richard\IdeaProjects\budgetreadslip\transformer\target\classes;C:\Users\richard\.m2\repository\org\apache\httpcomponents\httpclient\4.5.13\httpclient-4.5.13.jar;C:\Users\richard\.m2\repository\org\apache\httpcomponents\httpcore\4.4.13\httpcore-4.4.13.jar;C:\Users\richard\.m2\repository\commons-logging\commons-logging\1.2\commons-logging-1.2.jar;C:\Users\richard\.m2\repository\commons-codec\commons-codec\1.11\commons-codec-1.11.jar;C:\Users\richard\.m2\repository\junit\junit\4.11\junit-4.11.jar;C:\Users\richard\.m2\repository\org\hamcrest\hamcrest-core\1.3\hamcrest-core-1.3.jar;"/>
    <property name="java.vm.vendor" value="Oracle Corporation"/>
    <property name="sun.arch.data.model" value="64"/>
    <property name="user.variant" value=""/>
    <property name="java.vendor.url" value="https://java.oracle.com/"/>
    <property name="user.timezone" value="Europe/Berlin"/>
    <property name="os.name" value="Windows 10"/>
    <property name="java.vm.specification.version" value="18"/>
    <property name="sun.java.launcher" value="SUN_STANDARD"/>
    <property name="user.country" value="DE"/>
    <property name="sun.boot.library.path" value="C:\MyProgramms\jdk-18.0.2\bin"/>
    <property name="sun.java.command" value="C:\Users\richard\AppData\Local\Temp\surefire12331071153291454483\surefirebooter26041775248197410.jar C:\Users\richard\AppData\Local\Temp\surefire12331071153291454483 2023-02-25T15-37-26_851-jvmRun1 surefire13000395156850659891tmp surefire_012973109484635509784tmp"/>
    <property name="jdk.debug" value="release"/>
    <property name="surefire.test.class.path" value="C:\Users\richard\IdeaProjects\budgetreadslip\transformer\target\test-classes;C:\Users\richard\IdeaProjects\budgetreadslip\transformer\target\classes;C:\Users\richard\.m2\repository\org\apache\httpcomponents\httpclient\4.5.13\httpclient-4.5.13.jar;C:\Users\richard\.m2\repository\org\apache\httpcomponents\httpcore\4.4.13\httpcore-4.4.13.jar;C:\Users\richard\.m2\repository\commons-logging\commons-logging\1.2\commons-logging-1.2.jar;C:\Users\richard\.m2\repository\commons-codec\commons-codec\1.11\commons-codec-1.11.jar;C:\Users\richard\.m2\repository\junit\junit\4.11\junit-4.11.jar;C:\Users\richard\.m2\repository\org\hamcrest\hamcrest-core\1.3\hamcrest-core-1.3.jar;"/>
    <property name="sun.cpu.endian" value="little"/>
    <property name="user.home" value="C:\Users\richard"/>
    <property name="user.language" value="de"/>
    <property name="java.specification.vendor" value="Oracle Corporation"/>
    <property name="java.version.date" value="2022-07-19"/>
    <property name="java.home" value="C:\MyProgramms\jdk-18.0.2"/>
    <property name="file.separator" value="\"/>
    <property name="basedir" value="C:\Users\richard\IdeaProjects\budgetreadslip\transformer"/>
    <property name="java.vm.compressedOopsMode" value="Zero based"/>
    <property name="line.separator" value="&#10;"/>
    <property name="java.vm.specification.vendor" value="Oracle Corporation"/>
    <property name="java.specification.name" value="Java Platform API Specification"/>
    <property name="surefire.real.class.path" value="C:\Users\richard\AppData\Local\Temp\surefire12331071153291454483\surefirebooter26041775248197410.jar"/>
    <property name="user.script" value=""/>
    <property name="sun.management.compiler" value="HotSpot 64-Bit Tiered Compilers"/>
    <property name="java.runtime.version" value="18.0.2+9-61"/>
    <property name="user.name" value="richard"/>
    <property name="path.separator" value=";"/>
    <property name="os.version" value="10.0"/>
    <property name="java.runtime.name" value="OpenJDK Runtime Environment"/>
    <property name="file.encoding" value="UTF-8"/>
    <property name="java.vm.name" value="OpenJDK 64-Bit Server VM"/>
    <property name="localRepository" value="C:\Users\richard\.m2\repository"/>
    <property name="java.vendor.url.bug" value="https://bugreport.java.com/bugreport/"/>
    <property name="java.io.tmpdir" value="C:\Users\richard\AppData\Local\Temp\"/>
    <property name="idea.version" value="2022.2"/>
    <property name="java.version" value="18.0.2"/>
    <property name="user.dir" value="C:\Users\richard\IdeaProjects\budgetreadslip\transformer"/>
    <property name="os.arch" value="amd64"/>
    <property name="java.vm.specification.name" value="Java Virtual Machine Specification"/>
    <property name="sun.os.patch.level" value=""/>
    <property name="native.encoding" value="Cp1252"/>
    <property name="java.library.path" value="C:\MyProgramms\jdk-18.0.2\bin;C:\Windows\Sun\Java\bin;C:\Windows\system32;C:\Windows;C:\Python310\Scripts\;C:\Python310\;C:\Program Files\Common Files\Oracle\Java\javapath;C:\Windows\system32;C:\Windows;C:\Windows\System32\Wbem;C:\Windows\System32\WindowsPowerShell\v1.0\;C:\Windows\System32\OpenSSH\;C:\Program Files (x86)\NVIDIA Corporation\PhysX\Common;C:\Program Files\NVIDIA Corporation\NVIDIA NvDLISR;C:\Program Files\Git\cmd;C:\Program Files\PuTTY\;C:\MyProgramms\nodes\;C:\ProgramData\chocolatey\bin;C:\Users\richard\AppData\Local\Microsoft\WindowsApps;C:\Users\richard\AppData\Roaming\npm;C:\MyProgramms\Microsoft VS Code\bin;."/>
    <property name="java.vm.info" value="mixed mode, sharing"/>
    <property name="java.vendor" value="Oracle Corporation"/>
    <property name="java.vm.version" value="18.0.2+9-61"/>
    <property name="sun.io.unicode.encoding" value="UnicodeLittle"/>
    <property name="java.class.version" value="62.0"/>
  </properties>
  <testcase name="transformTest" classname="transformer.TransformTest" time="0.004"/>
  <testcase name="ViaInvestTest" classname="transformer.TransformTest" time="0.019"/>
  <testcase name="PeerBerryTest" classname="transformer.TransformTest" time="0.076"/>
  <testcase name="MintosTest" classname="transformer.TransformTest" time="0.071"/>
  <testcase name="edekaNewTest" classname="transformer.TransformTest" time="0.005"/>
  <testcase name="RobocashTest" classname="transformer.TransformTest" time="0.018"/>
  <testcase name="TwinoTest" classname="transformer.TransformTest" time="0.019"/>
</testsuite>