<?xml version="1.0" encoding="UTF-8"?>
<testsuite xmlns:xsi="http://www.w3.org/2001/XMLSchema-instance" xsi:noNamespaceSchemaLocation="https://maven.apache.org/surefire/maven-surefire-plugin/xsd/surefire-test-report.xsd" name="transformer.TransformTest" time="0.268" tests="6" errors="0" skipped="0" failures="0">
  <properties>
    <property name="sun.desktop" value="windows"/>
    <property name="awt.toolkit" value="sun.awt.windows.WToolkit"/>
    <property name="java.specification.version" value="11"/>
    <property name="sun.cpu.isalist" value="amd64"/>
    <property name="sun.jnu.encoding" value="Cp1252"/>
    <property name="java.class.path" value="C:\Users\lechnerri\git\budgetreadslip\transformer\target\test-classes;C:\Users\lechnerri\git\budgetreadslip\transformer\target\classes;C:\Users\lechnerri\.m2\repository\org\apache\httpcomponents\httpclient\4.5.13\httpclient-4.5.13.jar;C:\Users\lechnerri\.m2\repository\org\apache\httpcomponents\httpcore\4.4.13\httpcore-4.4.13.jar;C:\Users\lechnerri\.m2\repository\commons-logging\commons-logging\1.2\commons-logging-1.2.jar;C:\Users\lechnerri\.m2\repository\commons-codec\commons-codec\1.11\commons-codec-1.11.jar;C:\Users\lechnerri\.m2\repository\junit\junit\4.11\junit-4.11.jar;C:\Users\lechnerri\.m2\repository\org\hamcrest\hamcrest-core\1.3\hamcrest-core-1.3.jar;"/>
    <property name="java.vm.vendor" value="Oracle Corporation"/>
    <property name="sun.arch.data.model" value="64"/>
    <property name="user.variant" value=""/>
    <property name="java.vendor.url" value="http://java.oracle.com/"/>
    <property name="user.timezone" value="Europe/Berlin"/>
    <property name="java.vm.specification.version" value="11"/>
    <property name="os.name" value="Windows 10"/>
    <property name="sun.java.launcher" value="SUN_STANDARD"/>
    <property name="user.country" value="DE"/>
    <property name="sun.boot.library.path" value="C:\Program Files\Java\jdk-11.0.2\bin"/>
    <property name="sun.java.command" value="C:\Users\LECHNE~1\AppData\Local\Temp\surefire3852206356034820611\surefirebooter10923871595690794753.jar C:\Users\lechnerri\AppData\Local\Temp\surefire3852206356034820611 2021-10-28T12-30-50_032-jvmRun1 surefire12355639603586471627tmp surefire_01525579197037088390tmp"/>
    <property name="jdk.debug" value="release"/>
    <property name="surefire.test.class.path" value="C:\Users\lechnerri\git\budgetreadslip\transformer\target\test-classes;C:\Users\lechnerri\git\budgetreadslip\transformer\target\classes;C:\Users\lechnerri\.m2\repository\org\apache\httpcomponents\httpclient\4.5.13\httpclient-4.5.13.jar;C:\Users\lechnerri\.m2\repository\org\apache\httpcomponents\httpcore\4.4.13\httpcore-4.4.13.jar;C:\Users\lechnerri\.m2\repository\commons-logging\commons-logging\1.2\commons-logging-1.2.jar;C:\Users\lechnerri\.m2\repository\commons-codec\commons-codec\1.11\commons-codec-1.11.jar;C:\Users\lechnerri\.m2\repository\junit\junit\4.11\junit-4.11.jar;C:\Users\lechnerri\.m2\repository\org\hamcrest\hamcrest-core\1.3\hamcrest-core-1.3.jar;"/>
    <property name="sun.cpu.endian" value="little"/>
    <property name="user.home" value="C:\Users\lechnerri"/>
    <property name="user.language" value="de"/>
    <property name="java.specification.vendor" value="Oracle Corporation"/>
    <property name="java.version.date" value="2019-01-15"/>
    <property name="java.home" value="C:\Program Files\Java\jdk-11.0.2"/>
    <property name="file.separator" value="\"/>
    <property name="basedir" value="C:\Users\lechnerri\git\budgetreadslip\transformer"/>
    <property name="java.vm.compressedOopsMode" value="Zero based"/>
    <property name="line.separator" value="&#10;"/>
    <property name="java.specification.name" value="Java Platform API Specification"/>
    <property name="java.vm.specification.vendor" value="Oracle Corporation"/>
    <property name="java.awt.graphicsenv" value="sun.awt.Win32GraphicsEnvironment"/>
    <property name="surefire.real.class.path" value="C:\Users\LECHNE~1\AppData\Local\Temp\surefire3852206356034820611\surefirebooter10923871595690794753.jar"/>
    <property name="user.script" value=""/>
    <property name="sun.management.compiler" value="HotSpot 64-Bit Tiered Compilers"/>
    <property name="java.runtime.version" value="11.0.2+9-LTS"/>
    <property name="user.name" value="lechnerri"/>
    <property name="path.separator" value=";"/>
    <property name="os.version" value="10.0"/>
    <property name="java.runtime.name" value="Java(TM) SE Runtime Environment"/>
    <property name="file.encoding" value="Cp1252"/>
    <property name="java.vm.name" value="Java HotSpot(TM) 64-Bit Server VM"/>
    <property name="java.vendor.version" value="18.9"/>
    <property name="localRepository" value="C:\Users\lechnerri\.m2\repository"/>
    <property name="java.vendor.url.bug" value="http://bugreport.java.com/bugreport/"/>
    <property name="java.io.tmpdir" value="C:\Users\LECHNE~1\AppData\Local\Temp\"/>
    <property name="java.version" value="11.0.2"/>
    <property name="user.dir" value="C:\Users\lechnerri\git\budgetreadslip\transformer"/>
    <property name="os.arch" value="amd64"/>
    <property name="java.vm.specification.name" value="Java Virtual Machine Specification"/>
    <property name="java.awt.printerjob" value="sun.awt.windows.WPrinterJob"/>
    <property name="sun.os.patch.level" value=""/>
    <property name="java.library.path" value="C:\Program Files\Java\jdk-11.0.2\bin;C:\windows\Sun\Java\bin;C:\windows\system32;C:\windows;C:/Program Files/Java/jdk-11.0.2/bin/server;C:/Program Files/Java/jdk-11.0.2/bin;C:\windows\system32;C:\windows;C:\windows\System32\Wbem;C:\windows\System32\WindowsPowerShell\v1.0\;C:\windows\System32\OpenSSH\;C:\Program Files\PuTTY\;C:\Program Files (x86)\MS\;C:\Program Files (x86)\MS\dmlog\;C:\Program Files (x86)\GitExtensions\;C:\Program Files (x86)\Sennheiser\SenncomSDK\;C:\Program Files (x86)\Enterprise Vault\EVClient\;C:\Program Files\Java\jdk-11.0.2\bin;C:\Users\lechnerri\AppData\Local\Programs\Python\Python37-32\Scripts\;C:\Users\lechnerri\AppData\Local\Programs\Python\Python37-32\;C:\Users\lechnerri\AppData\Local\Microsoft\WindowsApps;C:\MyPrograms\Git\cmd;C:\Users\lechnerri\AppData\Local\GitHubDesktop\bin;C:\Users\lechnerri\AppData\Local\Google\Cloud SDK\google-cloud-sdk\bin;C:\Program Files\Java\jdk-11.0.2\bin;;C:\Users\lechnerri\Desktop;;."/>
    <property name="java.vendor" value="Oracle Corporation"/>
    <property name="java.vm.info" value="mixed mode"/>
    <property name="java.vm.version" value="11.0.2+9-LTS"/>
    <property name="sun.io.unicode.encoding" value="UnicodeLittle"/>
    <property name="java.class.version" value="55.0"/>
  </properties>
  <testcase name="transformTest" classname="transformer.TransformTest" time="0.002"/>
  <testcase name="ViaInvestTest" classname="transformer.TransformTest" time="0.031"/>
  <testcase name="PeerBerryTest" classname="transformer.TransformTest" time="0.102"/>
  <testcase name="MintosTest" classname="transformer.TransformTest" time="0.069"/>
  <testcase name="RobocashTest" classname="transformer.TransformTest" time="0.005"/>
  <testcase name="TwinoTest" classname="transformer.TransformTest" time="0.017"/>
</testsuite>